[debug] [2023-03-01T19:21:47.459Z] ----------------------------------------------------------------------
[debug] [2023-03-01T19:21:47.466Z] Command:       /usr/bin/node /usr/bin/firebase init
[debug] [2023-03-01T19:21:47.467Z] CLI Version:   11.24.0
[debug] [2023-03-01T19:21:47.468Z] Platform:      linux
[debug] [2023-03-01T19:21:47.468Z] Node Version:  v16.19.1
[debug] [2023-03-01T19:21:47.469Z] Time:          Thu Mar 02 2023 00:51:47 GMT+0530 (India Standard Time)
[debug] [2023-03-01T19:21:47.469Z] ----------------------------------------------------------------------
[debug] 
[debug] [2023-03-01T19:21:47.598Z] > command requires scopes: ["email","openid","https://www.googleapis.com/auth/cloudplatformprojects.readonly","https://www.googleapis.com/auth/firebase","https://www.googleapis.com/auth/cloud-platform"]
[debug] [2023-03-01T19:21:47.599Z] > authorizing via signed-in user (rintharithu@gmail.com)
[info] 
     ######## #### ########  ######## ########     ###     ######  ########
     ##        ##  ##     ## ##       ##     ##  ##   ##  ##       ##
     ######    ##  ########  ######   ########  #########  ######  ######
     ##        ##  ##    ##  ##       ##     ## ##     ##       ## ##
     ##       #### ##     ## ######## ########  ##     ##  ######  ########

You're about to initialize a Firebase project in this directory:

  /home/ritz/Desktop/Sharpner/ecommerce-website-main

Before we get started, keep in mind:

  * You are initializing within an existing Firebase project directory

